  kropla.cpp
C:\Users\kapi2\source\repos\WDS_butelka2.0\WDS_butelka2.0\kropla.h(2,10): fatal error C1083: Cannot open include file: 'GL/glut.h': No such file or directory
  macierz_rot.cpp
C:\Users\kapi2\source\repos\WDS_butelka2.0\WDS_butelka2.0\macierz_rot.cpp(21,16): warning C4244: '=': conversion from 'double' to 'float', possible loss of data
C:\Users\kapi2\source\repos\WDS_butelka2.0\WDS_butelka2.0\macierz_rot.cpp(22,13): warning C4244: '=': conversion from 'double' to 'float', possible loss of data
C:\Users\kapi2\source\repos\WDS_butelka2.0\WDS_butelka2.0\macierz_rot.cpp(25,16): warning C4244: '=': conversion from 'double' to 'float', possible loss of data
C:\Users\kapi2\source\repos\WDS_butelka2.0\WDS_butelka2.0\macierz_rot.cpp(26,16): warning C4244: '=': conversion from 'double' to 'float', possible loss of data
C:\Users\kapi2\source\repos\WDS_butelka2.0\WDS_butelka2.0\macierz_rot.cpp(29,16): warning C4244: '=': conversion from 'double' to 'float', possible loss of data
C:\Users\kapi2\source\repos\WDS_butelka2.0\WDS_butelka2.0\macierz_rot.cpp(31,16): warning C4244: '=': conversion from 'double' to 'float', possible loss of data
C:\Users\kapi2\source\repos\WDS_butelka2.0\WDS_butelka2.0\macierz_rot.cpp(37,13): warning C4244: '=': conversion from 'double' to 'float', possible loss of data
C:\Users\kapi2\source\repos\WDS_butelka2.0\WDS_butelka2.0\macierz_rot.cpp(39,16): warning C4244: '=': conversion from 'double' to 'float', possible loss of data
C:\Users\kapi2\source\repos\WDS_butelka2.0\WDS_butelka2.0\macierz_rot.cpp(42,16): warning C4244: '=': conversion from 'double' to 'float', possible loss of data
C:\Users\kapi2\source\repos\WDS_butelka2.0\WDS_butelka2.0\macierz_rot.cpp(43,13): warning C4244: '=': conversion from 'double' to 'float', possible loss of data
C:\Users\kapi2\source\repos\WDS_butelka2.0\WDS_butelka2.0\macierz_rot.cpp(46,16): warning C4244: '=': conversion from 'double' to 'float', possible loss of data
C:\Users\kapi2\source\repos\WDS_butelka2.0\WDS_butelka2.0\macierz_rot.cpp(47,16): warning C4244: '=': conversion from 'double' to 'float', possible loss of data
  obiekt3D.cpp
C:\Users\kapi2\source\repos\WDS_butelka2.0\WDS_butelka2.0\obiekt3D.h(15,10): fatal error C1083: Cannot open include file: 'GL/glut.h': No such file or directory
  scena.cpp
C:\Users\kapi2\source\repos\WDS_butelka2.0\WDS_butelka2.0\obiekt3D.h(15,10): fatal error C1083: Cannot open include file: 'GL/glut.h': No such file or directory
  WDS_butelka2.0.cpp
C:\Users\kapi2\source\repos\WDS_butelka2.0\WDS_butelka2.0\WDS_butelka2.0.cpp(2,10): fatal error C1083: Cannot open include file: 'GL/glut.h': No such file or directory
  wektor3D.cpp
  woda.cpp
C:\Users\kapi2\source\repos\WDS_butelka2.0\WDS_butelka2.0\kropla.h(2,10): fatal error C1083: Cannot open include file: 'GL/glut.h': No such file or directory
