  kropla.cpp
C:\Users\kapi2\source\repos\WDS_butelka2.0\WDS_butelka2.0\kropla.cpp(17,16): warning C4305: '=': truncation from 'double' to 'float'
  scena.cpp
C:\Users\kapi2\source\repos\WDS_butelka2.0\WDS_butelka2.0\scena.cpp(125,27): warning C4018: '<': signed/unsigned mismatch
  woda.cpp
C:\Users\kapi2\source\repos\WDS_butelka2.0\WDS_butelka2.0\woda.cpp(63,18): warning C4305: '=': truncation from 'double' to 'float'
C:\Users\kapi2\source\repos\WDS_butelka2.0\WDS_butelka2.0\woda.cpp(89,20): warning C4305: '=': truncation from 'double' to 'float'
C:\Users\kapi2\source\repos\WDS_butelka2.0\WDS_butelka2.0\woda.cpp(90,19): warning C4305: '=': truncation from 'double' to 'float'
C:\Users\kapi2\source\repos\WDS_butelka2.0\WDS_butelka2.0\woda.cpp(116,20): warning C4305: '=': truncation from 'double' to 'float'
C:\Users\kapi2\source\repos\WDS_butelka2.0\WDS_butelka2.0\woda.cpp(117,19): warning C4305: '=': truncation from 'double' to 'float'
C:\Users\kapi2\source\repos\WDS_butelka2.0\WDS_butelka2.0\woda.cpp(142,20): warning C4305: '=': truncation from 'double' to 'float'
C:\Users\kapi2\source\repos\WDS_butelka2.0\WDS_butelka2.0\woda.cpp(143,20): warning C4305: '=': truncation from 'double' to 'float'
C:\Users\kapi2\source\repos\WDS_butelka2.0\WDS_butelka2.0\woda.cpp(169,19): warning C4305: '=': truncation from 'double' to 'float'
C:\Users\kapi2\source\repos\WDS_butelka2.0\WDS_butelka2.0\woda.cpp(170,20): warning C4305: '=': truncation from 'double' to 'float'
C:\Users\kapi2\source\repos\WDS_butelka2.0\WDS_butelka2.0\woda.cpp(196,19): warning C4305: '=': truncation from 'double' to 'float'
C:\Users\kapi2\source\repos\WDS_butelka2.0\WDS_butelka2.0\woda.cpp(223,20): warning C4305: '=': truncation from 'double' to 'float'
C:\Users\kapi2\source\repos\WDS_butelka2.0\WDS_butelka2.0\woda.cpp(252,19): warning C4305: '=': truncation from 'double' to 'float'
C:\Users\kapi2\source\repos\WDS_butelka2.0\WDS_butelka2.0\woda.cpp(279,20): warning C4305: '=': truncation from 'double' to 'float'
  Generating Code...
  WDS_butelka2.0.vcxproj -> C:\Users\kapi2\source\repos\WDS_butelka2.0\Debug\WDS_butelka2.0.exe
